<?xml version="1.0" encoding="UTF-8"?>
<Site BuildName="(empty)"
	BuildStamp="20241211-1303-Experimental"
	Name="robot-pi"
	Generator="ctest-3.22.1"
	CompilerName="/usr/bin/c++"
	CompilerVersion="11.4.0"
	OSName="Linux"
	Hostname="robot-pi"
	OSRelease="5.15.0-1063-raspi"
	OSVersion="#66-Ubuntu SMP PREEMPT Fri Aug 30 16:09:00 UTC 2024"
	OSPlatform="aarch64"
	Is64Bits="1"
	VendorString=""
	VendorID="Unknown Manufacturer"
	FamilyID="8"
	ModelID="0"
	ProcessorCacheSize="0"
	NumberOfLogicalCPU="4"
	NumberOfPhysicalCPU="1"
	TotalVirtualMemory="1921"
	TotalPhysicalMemory="1794"
	LogicalProcessorsPerPhysical="4"
	ProcessorClockFrequency="0"
	>
	<Testing>
		<StartDateTime>Dec 11 16:47 EET</StartDateTime>
		<StartTestTime>1733928441</StartTestTime>
		<TestList/>
		<EndDateTime>Dec 11 16:47 EET</EndDateTime>
		<EndTestTime>1733928441</EndTestTime>
		<ElapsedMinutes>0</ElapsedMinutes>
	</Testing>
</Site>
