<?xml version="1.0" encoding="UTF-8"?>
<Site BuildName="(empty)"
	BuildStamp="20250126-0918-Experimental"
	Name="dalian-ROG-Zephyrus-G14-GA401QH-GA401QH"
	Generator="ctest-3.22.1"
	CompilerName="/usr/bin/c++"
	CompilerVersion="11.4.0"
	OSName="Linux"
	Hostname="dalian-ROG-Zephyrus-G14-GA401QH-GA401QH"
	OSRelease="6.8.0-51-generic"
	OSVersion="#52~22.04.1-Ubuntu SMP PREEMPT_DYNAMIC Mon Dec  9 15:00:52 UTC 2"
	OSPlatform="x86_64"
	Is64Bits="1"
	VendorString="AuthenticAMD"
	VendorID="Advanced Micro Devices"
	FamilyID="25"
	ModelID="80"
	ProcessorCacheSize="512"
	NumberOfLogicalCPU="16"
	NumberOfPhysicalCPU="8"
	TotalVirtualMemory="2047"
	TotalPhysicalMemory="15388"
	LogicalProcessorsPerPhysical="2"
	ProcessorClockFrequency="3274.35"
	>
	<Testing>
		<StartDateTime>Jan 26 11:18 EET</StartDateTime>
		<StartTestTime>1737883088</StartTestTime>
		<TestList/>
		<EndDateTime>Jan 26 11:18 EET</EndDateTime>
		<EndTestTime>1737883088</EndTestTime>
		<ElapsedMinutes>0</ElapsedMinutes>
	</Testing>
</Site>
