<?xml version="1.0" encoding="UTF-8"?>
<Site BuildName="(empty)"
	BuildStamp="20250125-1222-Experimental"
	Name="robot-pi"
	Generator="ctest-3.22.1"
	CompilerName="/usr/bin/c++"
	CompilerVersion="11.4.0"
	OSName="Linux"
	Hostname="robot-pi"
	OSRelease="5.15.0-1070-raspi"
	OSVersion="#73-Ubuntu SMP PREEMPT Thu Dec 19 17:56:10 UTC 2024"
	OSPlatform="aarch64"
	Is64Bits="1"
	VendorString=""
	VendorID="Unknown Manufacturer"
	FamilyID="8"
	ModelID="0"
	ProcessorCacheSize="0"
	NumberOfLogicalCPU="4"
	NumberOfPhysicalCPU="1"
	TotalVirtualMemory="2893"
	TotalPhysicalMemory="3739"
	LogicalProcessorsPerPhysical="4"
	ProcessorClockFrequency="0"
	>
	<Testing>
		<StartDateTime>Jan 25 15:53 EET</StartDateTime>
		<StartTestTime>1737813239</StartTestTime>
		<TestList/>
		<EndDateTime>Jan 25 15:53 EET</EndDateTime>
		<EndTestTime>1737813239</EndTestTime>
		<ElapsedMinutes>0</ElapsedMinutes>
	</Testing>
</Site>
