<?xml version="1.0" encoding="UTF-8"?>
<Site BuildName="(empty)"
	BuildStamp="20250628-1356-Experimental"
	Name="dalian-ROG-Zephyrus-G14-GA401QH-GA401QH"
	Generator="ctest-3.22.1"
	CompilerName="/usr/bin/c++"
	CompilerVersion="11.4.0"
	OSName="Linux"
	Hostname="dalian-ROG-Zephyrus-G14-GA401QH-GA401QH"
	OSRelease="6.8.0-60-generic"
	OSVersion="#63~22.04.1-Ubuntu SMP PREEMPT_DYNAMIC Tue Apr 22 19:00:15 UTC 2"
	OSPlatform="x86_64"
	Is64Bits="1"
	VendorString="AuthenticAMD"
	VendorID="Advanced Micro Devices"
	FamilyID="25"
	ModelID="80"
	ProcessorCacheSize="512"
	NumberOfLogicalCPU="16"
	NumberOfPhysicalCPU="8"
	TotalVirtualMemory="2047"
	TotalPhysicalMemory="15388"
	LogicalProcessorsPerPhysical="2"
	ProcessorClockFrequency="3464.36"
	>
	<Testing>
		<StartDateTime>Jun 28 17:04 EEST</StartDateTime>
		<StartTestTime>1751119454</StartTestTime>
		<TestList/>
		<EndDateTime>Jun 28 17:04 EEST</EndDateTime>
		<EndTestTime>1751119454</EndTestTime>
		<ElapsedMinutes>0</ElapsedMinutes>
	</Testing>
</Site>
